2014/01/16 21:25:24 [error] [exception.CDbException] exception 'CDbException' with message 'CDbConnection failed to open the DB connection: SQLSTATE[42000] [1049] Unknown database 'localhost2'' in /Users/kirkhemmen/dev/loserpool-2.0/src/framework/db/CDbConnection.php:382
Stack trace:
#0 /Users/kirkhemmen/dev/loserpool-2.0/src/framework/db/CDbConnection.php(330): CDbConnection->open()
#1 /Users/kirkhemmen/dev/loserpool-2.0/src/framework/db/CDbConnection.php(308): CDbConnection->setActive(true)
#2 /Users/kirkhemmen/dev/loserpool-2.0/src/framework/base/CModule.php(387): CDbConnection->init()
#3 /Users/kirkhemmen/dev/loserpool-2.0/src/framework/base/CModule.php(103): CModule->getComponent('db')
#4 /Users/kirkhemmen/dev/loserpool-2.0/src/root/protected/views/site/index.php(6): CModule->__get('db')
#5 /Users/kirkhemmen/dev/loserpool-2.0/src/framework/web/CBaseController.php(126): require('/Users/kirkhemm...')
#6 /Users/kirkhemmen/dev/loserpool-2.0/src/framework/web/CBaseController.php(95): CBaseController->renderInternal('/Users/kirkhemm...', NULL, true)
#7 /Users/kirkhemmen/dev/loserpool-2.0/src/framework/web/CController.php(869): CBaseController->renderFile('/Users/kirkhemm...', NULL, true)
#8 /Users/kirkhemmen/dev/loserpool-2.0/src/framework/web/CController.php(782): CController->renderPartial('index', NULL, true)
#9 /Users/kirkhemmen/dev/loserpool-2.0/src/root/protected/controllers/SiteController.php(32): CController->render('index')
#10 /Users/kirkhemmen/dev/loserpool-2.0/src/framework/web/actions/CInlineAction.php(49): SiteController->actionIndex()
#11 /Users/kirkhemmen/dev/loserpool-2.0/src/framework/web/CController.php(308): CInlineAction->runWithParams(Array)
#12 /Users/kirkhemmen/dev/loserpool-2.0/src/framework/web/CController.php(286): CController->runAction(Object(CInlineAction))
#13 /Users/kirkhemmen/dev/loserpool-2.0/src/framework/web/CController.php(265): CController->runActionWithFilters(Object(CInlineAction), Array)
#14 /Users/kirkhemmen/dev/loserpool-2.0/src/framework/web/CWebApplication.php(282): CController->run('')
#15 /Users/kirkhemmen/dev/loserpool-2.0/src/framework/web/CWebApplication.php(141): CWebApplication->runController('')
#16 /Users/kirkhemmen/dev/loserpool-2.0/src/framework/base/CApplication.php(180): CWebApplication->processRequest()
#17 /Users/kirkhemmen/dev/loserpool-2.0/src/root/index.php(13): CApplication->run()
#18 {main}
REQUEST_URI=/
---
